Collecting pip
  Using cached https://files.pythonhosted.org/packages/a4/6d/6463d49a933f547439d6b5b98b46af8742cc03ae83543e4d7688c2420f8b/pip-21.3.1-py3-none-any.whl
Installing collected packages: pip
Successfully installed pip-21.3.1
Collecting https://github.com/explosion/spacy-models/releases/download/en_core_web_sm-3.0.0/en_core_web_sm-3.0.0.tar.gz (from -r requirements.txt (line 4))
  Downloading https://github.com/explosion/spacy-models/releases/download/en_core_web_sm-3.0.0/en_core_web_sm-3.0.0.tar.gz (13.7MB)
Requirement already satisfied: transformers in /home/s2976129/.local/lib/python3.7/site-packages (from -r requirements.txt (line 1)) (4.15.0)
Requirement already satisfied: pandas in /apps/skylake/software/SciPy-bundle/2019.10-fosscuda-2019b-Python-3.7.4/lib/python3.7/site-packages (from -r requirements.txt (line 2)) (0.25.3)
Collecting spacy==3.0.7 (from -r requirements.txt (line 3))
Requirement already satisfied: packaging>=20.0 in /home/s2976129/.local/lib/python3.7/site-packages (from transformers->-r requirements.txt (line 1)) (21.3)
Requirement already satisfied: tokenizers<0.11,>=0.10.1 in /home/s2976129/.local/lib/python3.7/site-packages (from transformers->-r requirements.txt (line 1)) (0.10.3)
Requirement already satisfied: numpy>=1.17 in /apps/skylake/software/SciPy-bundle/2019.10-fosscuda-2019b-Python-3.7.4/lib/python3.7/site-packages (from transformers->-r requirements.txt (line 1)) (1.17.3)
Requirement already satisfied: tqdm>=4.27 in /home/s2976129/.local/lib/python3.7/site-packages (from transformers->-r requirements.txt (line 1)) (4.62.3)
Requirement already satisfied: importlib-metadata; python_version < "3.8" in /apps/skylake/software/Python/3.7.4-GCCcore-8.3.0/lib/python3.7/site-packages (from transformers->-r requirements.txt (line 1)) (0.22)
Requirement already satisfied: sacremoses in /home/s2976129/.local/lib/python3.7/site-packages (from transformers->-r requirements.txt (line 1)) (0.0.47)
Requirement already satisfied: filelock in /home/s2976129/.local/lib/python3.7/site-packages (from transformers->-r requirements.txt (line 1)) (3.4.2)
Requirement already satisfied: requests in /apps/skylake/software/Python/3.7.4-GCCcore-8.3.0/lib/python3.7/site-packages (from transformers->-r requirements.txt (line 1)) (2.22.0)
Requirement already satisfied: regex!=2019.12.17 in /home/s2976129/.local/lib/python3.7/site-packages (from transformers->-r requirements.txt (line 1)) (2021.11.10)
Requirement already satisfied: pyyaml>=5.1 in /apps/skylake/software/PyYAML/5.1.2-GCCcore-8.3.0/lib/python3.7/site-packages (from transformers->-r requirements.txt (line 1)) (5.1.2)
Requirement already satisfied: huggingface-hub<1.0,>=0.1.0 in /home/s2976129/.local/lib/python3.7/site-packages (from transformers->-r requirements.txt (line 1)) (0.4.0)
Requirement already satisfied: pytz>=2017.2 in /apps/skylake/software/Python/3.7.4-GCCcore-8.3.0/lib/python3.7/site-packages (from pandas->-r requirements.txt (line 2)) (2019.2)
Requirement already satisfied: python-dateutil>=2.6.1 in /apps/skylake/software/Python/3.7.4-GCCcore-8.3.0/lib/python3.7/site-packages (from pandas->-r requirements.txt (line 2)) (2.8.0)
Requirement already satisfied: jinja2 in /apps/skylake/software/Python/3.7.4-GCCcore-8.3.0/lib/python3.7/site-packages (from spacy==3.0.7->-r requirements.txt (line 3)) (2.10.1)
Requirement already satisfied: thinc<8.1.0,>=8.0.3 in /home/s2976129/.local/lib/python3.7/site-packages (from spacy==3.0.7->-r requirements.txt (line 3)) (8.0.13)
Requirement already satisfied: spacy-legacy<3.1.0,>=3.0.5 in /home/s2976129/.local/lib/python3.7/site-packages (from spacy==3.0.7->-r requirements.txt (line 3)) (3.0.8)
Requirement already satisfied: setuptools in /apps/skylake/software/Python/3.7.4-GCCcore-8.3.0/lib/python3.7/site-packages (from spacy==3.0.7->-r requirements.txt (line 3)) (41.2.0)
Requirement already satisfied: cymem<2.1.0,>=2.0.2 in /home/s2976129/.local/lib/python3.7/site-packages (from spacy==3.0.7->-r requirements.txt (line 3)) (2.0.6)
Collecting typer<0.4.0,>=0.3.0 (from spacy==3.0.7->-r requirements.txt (line 3))
  Using cached https://files.pythonhosted.org/packages/90/34/d138832f6945432c638f32137e6c79a3b682f06a63c488dcfaca6b166c64/typer-0.3.2-py3-none-any.whl
Requirement already satisfied: preshed<3.1.0,>=3.0.2 in /home/s2976129/.local/lib/python3.7/site-packages (from spacy==3.0.7->-r requirements.txt (line 3)) (3.0.6)
Requirement already satisfied: wasabi<1.1.0,>=0.8.1 in /home/s2976129/.local/lib/python3.7/site-packages (from spacy==3.0.7->-r requirements.txt (line 3)) (0.9.0)
Requirement already satisfied: pathy>=0.3.5 in /home/s2976129/.local/lib/python3.7/site-packages (from spacy==3.0.7->-r requirements.txt (line 3)) (0.6.1)
Requirement already satisfied: typing-extensions<4.0.0.0,>=3.7.4; python_version < "3.8" in /home/s2976129/.local/lib/python3.7/site-packages (from spacy==3.0.7->-r requirements.txt (line 3)) (3.10.0.2)
Requirement already satisfied: blis<0.8.0,>=0.4.0 in /home/s2976129/.local/lib/python3.7/site-packages (from spacy==3.0.7->-r requirements.txt (line 3)) (0.7.5)
Requirement already satisfied: murmurhash<1.1.0,>=0.28.0 in /home/s2976129/.local/lib/python3.7/site-packages (from spacy==3.0.7->-r requirements.txt (line 3)) (1.0.6)
Requirement already satisfied: pydantic!=1.8,!=1.8.1,<1.9.0,>=1.7.4 in /home/s2976129/.local/lib/python3.7/site-packages (from spacy==3.0.7->-r requirements.txt (line 3)) (1.8.2)
Requirement already satisfied: srsly<3.0.0,>=2.4.1 in /home/s2976129/.local/lib/python3.7/site-packages (from spacy==3.0.7->-r requirements.txt (line 3)) (2.4.2)
Requirement already satisfied: catalogue<2.1.0,>=2.0.4 in /home/s2976129/.local/lib/python3.7/site-packages (from spacy==3.0.7->-r requirements.txt (line 3)) (2.0.6)
Requirement already satisfied: pyparsing!=3.0.5,>=2.0.2 in /apps/skylake/software/Python/3.7.4-GCCcore-8.3.0/lib/python3.7/site-packages (from packaging>=20.0->transformers->-r requirements.txt (line 1)) (2.4.2)
Requirement already satisfied: zipp>=0.5 in /apps/skylake/software/Python/3.7.4-GCCcore-8.3.0/lib/python3.7/site-packages (from importlib-metadata; python_version < "3.8"->transformers->-r requirements.txt (line 1)) (0.6.0)
Requirement already satisfied: click in /apps/skylake/software/Python/3.7.4-GCCcore-8.3.0/lib/python3.7/site-packages (from sacremoses->transformers->-r requirements.txt (line 1)) (7.0)
Requirement already satisfied: joblib in /apps/skylake/software/Python/3.7.4-GCCcore-8.3.0/lib/python3.7/site-packages (from sacremoses->transformers->-r requirements.txt (line 1)) (0.13.2)
Requirement already satisfied: six in /apps/skylake/software/Python/3.7.4-GCCcore-8.3.0/lib/python3.7/site-packages (from sacremoses->transformers->-r requirements.txt (line 1)) (1.12.0)
Requirement already satisfied: chardet<3.1.0,>=3.0.2 in /apps/skylake/software/Python/3.7.4-GCCcore-8.3.0/lib/python3.7/site-packages (from requests->transformers->-r requirements.txt (line 1)) (3.0.4)
Requirement already satisfied: certifi>=2017.4.17 in /apps/skylake/software/Python/3.7.4-GCCcore-8.3.0/lib/python3.7/site-packages (from requests->transformers->-r requirements.txt (line 1)) (2019.9.11)
Requirement already satisfied: urllib3!=1.25.0,!=1.25.1,<1.26,>=1.21.1 in /apps/skylake/software/Python/3.7.4-GCCcore-8.3.0/lib/python3.7/site-packages (from requests->transformers->-r requirements.txt (line 1)) (1.25.3)
Requirement already satisfied: idna<2.9,>=2.5 in /apps/skylake/software/Python/3.7.4-GCCcore-8.3.0/lib/python3.7/site-packages (from requests->transformers->-r requirements.txt (line 1)) (2.8)
Requirement already satisfied: MarkupSafe>=0.23 in /apps/skylake/software/Python/3.7.4-GCCcore-8.3.0/lib/python3.7/site-packages (from jinja2->spacy==3.0.7->-r requirements.txt (line 3)) (1.1.1)
Requirement already satisfied: smart-open<6.0.0,>=5.0.0 in /home/s2976129/.local/lib/python3.7/site-packages (from pathy>=0.3.5->spacy==3.0.7->-r requirements.txt (line 3)) (5.2.1)
Requirement already satisfied: more-itertools in /apps/skylake/software/Python/3.7.4-GCCcore-8.3.0/lib/python3.7/site-packages (from zipp>=0.5->importlib-metadata; python_version < "3.8"->transformers->-r requirements.txt (line 1)) (7.2.0)
Building wheels for collected packages: en-core-web-sm
  Building wheel for en-core-web-sm (setup.py): started
  Building wheel for en-core-web-sm (setup.py): finished with status 'done'
  Created wheel for en-core-web-sm: filename=en_core_web_sm-3.0.0-cp37-none-any.whl size=13704312 sha256=a870d9c8514ab8996c592221dfd975b2a7c8cfaf9078c6cf03c3e3f87b9b011a
  Stored in directory: /home/s2976129/.cache/pip/wheels/91/2b/a1/d83336e8dfaacbbcdfc805b2c7195dd3ea10d507396fe31cac
Successfully built en-core-web-sm
ERROR: typer 0.3.2 has requirement click<7.2.0,>=7.1.1, but you'll have click 7.0 which is incompatible.
Installing collected packages: typer, spacy, en-core-web-sm
  Found existing installation: typer 0.4.0
    Uninstalling typer-0.4.0:
      Successfully uninstalled typer-0.4.0
  Found existing installation: spacy 3.2.1
    Uninstalling spacy-3.2.1:
      Successfully uninstalled spacy-3.2.1
  Found existing installation: en-core-web-sm 3.2.0
    Uninstalling en-core-web-sm-3.2.0:
      Successfully uninstalled en-core-web-sm-3.2.0
Successfully installed en-core-web-sm-3.0.0 spacy-3.0.7 typer-0.3.2
Traceback (most recent call last):
  File "generate_pegasus_data.py", line 10, in <module>
    import spacy
  File "/home/s2976129/.local/lib/python3.7/site-packages/spacy/__init__.py", line 10, in <module>
    from thinc.api import prefer_gpu, require_gpu, require_cpu  # noqa: F401
  File "/home/s2976129/.local/lib/python3.7/site-packages/thinc/api.py", line 2, in <module>
    from .initializers import normal_init, uniform_init, glorot_uniform_init, zero_init
  File "/home/s2976129/.local/lib/python3.7/site-packages/thinc/initializers.py", line 4, in <module>
    from .backends import Ops
  File "/home/s2976129/.local/lib/python3.7/site-packages/thinc/backends/__init__.py", line 8, in <module>
    from .cupy_ops import CupyOps, has_cupy
  File "/home/s2976129/.local/lib/python3.7/site-packages/thinc/backends/cupy_ops.py", line 19, in <module>
    from .numpy_ops import NumpyOps
  File "thinc/backends/numpy_ops.pyx", line 1, in init thinc.backends.numpy_ops
ValueError: numpy.ndarray size changed, may indicate binary incompatibility. Expected 88 from C header, got 80 from PyObject


###############################################################################
Peregrine Cluster
Job 22809983 for user 's2976129'
Finished at: Mon Jan 17 08:06:14 CET 2022

Job details:
============

Job ID              : 22809983
Name                : pegasus_generation
User                : s2976129
Partition           : gpu
Nodes               : pg-gpu41
Number of Nodes     : 1
Cores               : 12
Number of Tasks     : 1
State               : FAILED
Submit              : 2022-01-17T08:05:17
Start               : 2022-01-17T08:05:21
End                 : 2022-01-17T08:06:14
Reserved walltime   : 12:00:00
Used walltime       : 00:00:53
Used CPU time       : 00:00:14 (efficiency:  2.22%)
% User (Computation): 68.00%
% System (I/O)      : 32.00%
Mem reserved        : 8000M/node
Max Mem (Node/step) : 42.71M (pg-gpu41, per node)
Full Max Mem usage  : 42.71M
Total Disk Read     : 24.98M
Total Disk Write    : 19.29M
Average GPU usage   : No GPU metrics available (pg-gpu41)


Acknowledgements:
=================

Please see this page for information about acknowledging Peregrine in your publications:

https://wiki.hpc.rug.nl/peregrine/introduction/scientific_output

################################################################################
